<?xml version="1.0" encoding="UTF-8"?>
<testsuite xmlns:xsi="http://www.w3.org/2001/XMLSchema-instance" xsi:noNamespaceSchemaLocation="https://maven.apache.org/surefire/maven-surefire-plugin/xsd/surefire-test-report-3.0.xsd" version="3.0" name="services.ToDoServiceTest" time="0.654" tests="6" errors="0" skipped="0" failures="0">
  <properties>
    <property name="sun.desktop" value="windows"/>
    <property name="awt.toolkit" value="sun.awt.windows.WToolkit"/>
    <property name="file.encoding.pkg" value="sun.io"/>
    <property name="java.specification.version" value="1.8"/>
    <property name="sun.cpu.isalist" value="amd64"/>
    <property name="sun.jnu.encoding" value="Cp1252"/>
    <property name="java.class.path" value="C:\Users\KevinChilds\Desktop\HelloJDBC\target\test-classes;C:\Users\KevinChilds\Desktop\HelloJDBC\target\classes;C:\Users\KevinChilds\.m2\repository\org\postgresql\postgresql\42.3.1\postgresql-42.3.1.jar;C:\Users\KevinChilds\.m2\repository\org\checkerframework\checker-qual\3.5.0\checker-qual-3.5.0.jar;C:\Users\KevinChilds\.m2\repository\io\javalin\javalin\4.1.1\javalin-4.1.1.jar;C:\Users\KevinChilds\.m2\repository\org\eclipse\jetty\jetty-server\9.4.44.v20210927\jetty-server-9.4.44.v20210927.jar;C:\Users\KevinChilds\.m2\repository\javax\servlet\javax.servlet-api\3.1.0\javax.servlet-api-3.1.0.jar;C:\Users\KevinChilds\.m2\repository\org\eclipse\jetty\jetty-http\9.4.44.v20210927\jetty-http-9.4.44.v20210927.jar;C:\Users\KevinChilds\.m2\repository\org\eclipse\jetty\jetty-util\9.4.44.v20210927\jetty-util-9.4.44.v20210927.jar;C:\Users\KevinChilds\.m2\repository\org\eclipse\jetty\jetty-io\9.4.44.v20210927\jetty-io-9.4.44.v20210927.jar;C:\Users\KevinChilds\.m2\repository\org\eclipse\jetty\jetty-webapp\9.4.44.v20210927\jetty-webapp-9.4.44.v20210927.jar;C:\Users\KevinChilds\.m2\repository\org\eclipse\jetty\jetty-xml\9.4.44.v20210927\jetty-xml-9.4.44.v20210927.jar;C:\Users\KevinChilds\.m2\repository\org\eclipse\jetty\jetty-servlet\9.4.44.v20210927\jetty-servlet-9.4.44.v20210927.jar;C:\Users\KevinChilds\.m2\repository\org\eclipse\jetty\jetty-security\9.4.44.v20210927\jetty-security-9.4.44.v20210927.jar;C:\Users\KevinChilds\.m2\repository\org\eclipse\jetty\jetty-util-ajax\9.4.44.v20210927\jetty-util-ajax-9.4.44.v20210927.jar;C:\Users\KevinChilds\.m2\repository\org\eclipse\jetty\websocket\websocket-server\9.4.44.v20210927\websocket-server-9.4.44.v20210927.jar;C:\Users\KevinChilds\.m2\repository\org\eclipse\jetty\websocket\websocket-common\9.4.44.v20210927\websocket-common-9.4.44.v20210927.jar;C:\Users\KevinChilds\.m2\repository\org\eclipse\jetty\websocket\websocket-api\9.4.44.v20210927\websocket-api-9.4.44.v20210927.jar;C:\Users\KevinChilds\.m2\repository\org\eclipse\jetty\websocket\websocket-client\9.4.44.v20210927\websocket-client-9.4.44.v20210927.jar;C:\Users\KevinChilds\.m2\repository\org\eclipse\jetty\jetty-client\9.4.44.v20210927\jetty-client-9.4.44.v20210927.jar;C:\Users\KevinChilds\.m2\repository\org\eclipse\jetty\websocket\websocket-servlet\9.4.44.v20210927\websocket-servlet-9.4.44.v20210927.jar;C:\Users\KevinChilds\.m2\repository\org\jetbrains\kotlin\kotlin-stdlib-jdk8\1.5.31\kotlin-stdlib-jdk8-1.5.31.jar;C:\Users\KevinChilds\.m2\repository\org\jetbrains\kotlin\kotlin-stdlib\1.5.31\kotlin-stdlib-1.5.31.jar;C:\Users\KevinChilds\.m2\repository\org\jetbrains\annotations\13.0\annotations-13.0.jar;C:\Users\KevinChilds\.m2\repository\org\jetbrains\kotlin\kotlin-stdlib-common\1.5.31\kotlin-stdlib-common-1.5.31.jar;C:\Users\KevinChilds\.m2\repository\org\jetbrains\kotlin\kotlin-stdlib-jdk7\1.5.31\kotlin-stdlib-jdk7-1.5.31.jar;C:\Users\KevinChilds\.m2\repository\org\slf4j\slf4j-simple\1.8.0-beta4\slf4j-simple-1.8.0-beta4.jar;C:\Users\KevinChilds\.m2\repository\org\slf4j\slf4j-api\1.8.0-beta4\slf4j-api-1.8.0-beta4.jar;C:\Users\KevinChilds\.m2\repository\com\fasterxml\jackson\core\jackson-databind\2.13.0\jackson-databind-2.13.0.jar;C:\Users\KevinChilds\.m2\repository\com\fasterxml\jackson\core\jackson-annotations\2.13.0\jackson-annotations-2.13.0.jar;C:\Users\KevinChilds\.m2\repository\com\fasterxml\jackson\core\jackson-core\2.13.0\jackson-core-2.13.0.jar;C:\Users\KevinChilds\.m2\repository\log4j\log4j\1.2.17\log4j-1.2.17.jar;C:\Users\KevinChilds\.m2\repository\org\junit\jupiter\junit-jupiter\5.8.1\junit-jupiter-5.8.1.jar;C:\Users\KevinChilds\.m2\repository\org\junit\jupiter\junit-jupiter-api\5.8.1\junit-jupiter-api-5.8.1.jar;C:\Users\KevinChilds\.m2\repository\org\opentest4j\opentest4j\1.2.0\opentest4j-1.2.0.jar;C:\Users\KevinChilds\.m2\repository\org\junit\platform\junit-platform-commons\1.8.1\junit-platform-commons-1.8.1.jar;C:\Users\KevinChilds\.m2\repository\org\apiguardian\apiguardian-api\1.1.2\apiguardian-api-1.1.2.jar;C:\Users\KevinChilds\.m2\repository\org\junit\jupiter\junit-jupiter-params\5.8.1\junit-jupiter-params-5.8.1.jar;C:\Users\KevinChilds\.m2\repository\org\junit\jupiter\junit-jupiter-engine\5.8.1\junit-jupiter-engine-5.8.1.jar;C:\Users\KevinChilds\.m2\repository\org\junit\platform\junit-platform-engine\1.8.1\junit-platform-engine-1.8.1.jar;C:\Users\KevinChilds\.m2\repository\org\mockito\mockito-core\4.0.0\mockito-core-4.0.0.jar;C:\Users\KevinChilds\.m2\repository\net\bytebuddy\byte-buddy\1.11.19\byte-buddy-1.11.19.jar;C:\Users\KevinChilds\.m2\repository\net\bytebuddy\byte-buddy-agent\1.11.19\byte-buddy-agent-1.11.19.jar;C:\Users\KevinChilds\.m2\repository\org\objenesis\objenesis\3.2\objenesis-3.2.jar;C:\Users\KevinChilds\.m2\repository\com\h2database\h2\1.4.200\h2-1.4.200.jar;"/>
    <property name="java.vm.vendor" value="Oracle Corporation"/>
    <property name="sun.arch.data.model" value="64"/>
    <property name="user.variant" value=""/>
    <property name="java.vendor.url" value="http://java.oracle.com/"/>
    <property name="user.timezone" value="America/Chicago"/>
    <property name="java.vm.specification.version" value="1.8"/>
    <property name="os.name" value="Windows 10"/>
    <property name="user.country" value="US"/>
    <property name="sun.java.launcher" value="SUN_STANDARD"/>
    <property name="sun.boot.library.path" value="C:\Program Files\OpenJDK\openjdk-8u312-b07\jre\bin"/>
    <property name="sun.java.command" value="C:\Users\KevinChilds\AppData\Local\Temp\surefire2673305134352773234\surefirebooter7582256278505893417.jar C:\Users\KevinChilds\AppData\Local\Temp\surefire2673305134352773234 2021-12-09T13-21-34_451-jvmRun1 surefire6972414367036196666tmp surefire_08880573458003800586tmp"/>
    <property name="surefire.test.class.path" value="C:\Users\KevinChilds\Desktop\HelloJDBC\target\test-classes;C:\Users\KevinChilds\Desktop\HelloJDBC\target\classes;C:\Users\KevinChilds\.m2\repository\org\postgresql\postgresql\42.3.1\postgresql-42.3.1.jar;C:\Users\KevinChilds\.m2\repository\org\checkerframework\checker-qual\3.5.0\checker-qual-3.5.0.jar;C:\Users\KevinChilds\.m2\repository\io\javalin\javalin\4.1.1\javalin-4.1.1.jar;C:\Users\KevinChilds\.m2\repository\org\eclipse\jetty\jetty-server\9.4.44.v20210927\jetty-server-9.4.44.v20210927.jar;C:\Users\KevinChilds\.m2\repository\javax\servlet\javax.servlet-api\3.1.0\javax.servlet-api-3.1.0.jar;C:\Users\KevinChilds\.m2\repository\org\eclipse\jetty\jetty-http\9.4.44.v20210927\jetty-http-9.4.44.v20210927.jar;C:\Users\KevinChilds\.m2\repository\org\eclipse\jetty\jetty-util\9.4.44.v20210927\jetty-util-9.4.44.v20210927.jar;C:\Users\KevinChilds\.m2\repository\org\eclipse\jetty\jetty-io\9.4.44.v20210927\jetty-io-9.4.44.v20210927.jar;C:\Users\KevinChilds\.m2\repository\org\eclipse\jetty\jetty-webapp\9.4.44.v20210927\jetty-webapp-9.4.44.v20210927.jar;C:\Users\KevinChilds\.m2\repository\org\eclipse\jetty\jetty-xml\9.4.44.v20210927\jetty-xml-9.4.44.v20210927.jar;C:\Users\KevinChilds\.m2\repository\org\eclipse\jetty\jetty-servlet\9.4.44.v20210927\jetty-servlet-9.4.44.v20210927.jar;C:\Users\KevinChilds\.m2\repository\org\eclipse\jetty\jetty-security\9.4.44.v20210927\jetty-security-9.4.44.v20210927.jar;C:\Users\KevinChilds\.m2\repository\org\eclipse\jetty\jetty-util-ajax\9.4.44.v20210927\jetty-util-ajax-9.4.44.v20210927.jar;C:\Users\KevinChilds\.m2\repository\org\eclipse\jetty\websocket\websocket-server\9.4.44.v20210927\websocket-server-9.4.44.v20210927.jar;C:\Users\KevinChilds\.m2\repository\org\eclipse\jetty\websocket\websocket-common\9.4.44.v20210927\websocket-common-9.4.44.v20210927.jar;C:\Users\KevinChilds\.m2\repository\org\eclipse\jetty\websocket\websocket-api\9.4.44.v20210927\websocket-api-9.4.44.v20210927.jar;C:\Users\KevinChilds\.m2\repository\org\eclipse\jetty\websocket\websocket-client\9.4.44.v20210927\websocket-client-9.4.44.v20210927.jar;C:\Users\KevinChilds\.m2\repository\org\eclipse\jetty\jetty-client\9.4.44.v20210927\jetty-client-9.4.44.v20210927.jar;C:\Users\KevinChilds\.m2\repository\org\eclipse\jetty\websocket\websocket-servlet\9.4.44.v20210927\websocket-servlet-9.4.44.v20210927.jar;C:\Users\KevinChilds\.m2\repository\org\jetbrains\kotlin\kotlin-stdlib-jdk8\1.5.31\kotlin-stdlib-jdk8-1.5.31.jar;C:\Users\KevinChilds\.m2\repository\org\jetbrains\kotlin\kotlin-stdlib\1.5.31\kotlin-stdlib-1.5.31.jar;C:\Users\KevinChilds\.m2\repository\org\jetbrains\annotations\13.0\annotations-13.0.jar;C:\Users\KevinChilds\.m2\repository\org\jetbrains\kotlin\kotlin-stdlib-common\1.5.31\kotlin-stdlib-common-1.5.31.jar;C:\Users\KevinChilds\.m2\repository\org\jetbrains\kotlin\kotlin-stdlib-jdk7\1.5.31\kotlin-stdlib-jdk7-1.5.31.jar;C:\Users\KevinChilds\.m2\repository\org\slf4j\slf4j-simple\1.8.0-beta4\slf4j-simple-1.8.0-beta4.jar;C:\Users\KevinChilds\.m2\repository\org\slf4j\slf4j-api\1.8.0-beta4\slf4j-api-1.8.0-beta4.jar;C:\Users\KevinChilds\.m2\repository\com\fasterxml\jackson\core\jackson-databind\2.13.0\jackson-databind-2.13.0.jar;C:\Users\KevinChilds\.m2\repository\com\fasterxml\jackson\core\jackson-annotations\2.13.0\jackson-annotations-2.13.0.jar;C:\Users\KevinChilds\.m2\repository\com\fasterxml\jackson\core\jackson-core\2.13.0\jackson-core-2.13.0.jar;C:\Users\KevinChilds\.m2\repository\log4j\log4j\1.2.17\log4j-1.2.17.jar;C:\Users\KevinChilds\.m2\repository\org\junit\jupiter\junit-jupiter\5.8.1\junit-jupiter-5.8.1.jar;C:\Users\KevinChilds\.m2\repository\org\junit\jupiter\junit-jupiter-api\5.8.1\junit-jupiter-api-5.8.1.jar;C:\Users\KevinChilds\.m2\repository\org\opentest4j\opentest4j\1.2.0\opentest4j-1.2.0.jar;C:\Users\KevinChilds\.m2\repository\org\junit\platform\junit-platform-commons\1.8.1\junit-platform-commons-1.8.1.jar;C:\Users\KevinChilds\.m2\repository\org\apiguardian\apiguardian-api\1.1.2\apiguardian-api-1.1.2.jar;C:\Users\KevinChilds\.m2\repository\org\junit\jupiter\junit-jupiter-params\5.8.1\junit-jupiter-params-5.8.1.jar;C:\Users\KevinChilds\.m2\repository\org\junit\jupiter\junit-jupiter-engine\5.8.1\junit-jupiter-engine-5.8.1.jar;C:\Users\KevinChilds\.m2\repository\org\junit\platform\junit-platform-engine\1.8.1\junit-platform-engine-1.8.1.jar;C:\Users\KevinChilds\.m2\repository\org\mockito\mockito-core\4.0.0\mockito-core-4.0.0.jar;C:\Users\KevinChilds\.m2\repository\net\bytebuddy\byte-buddy\1.11.19\byte-buddy-1.11.19.jar;C:\Users\KevinChilds\.m2\repository\net\bytebuddy\byte-buddy-agent\1.11.19\byte-buddy-agent-1.11.19.jar;C:\Users\KevinChilds\.m2\repository\org\objenesis\objenesis\3.2\objenesis-3.2.jar;C:\Users\KevinChilds\.m2\repository\com\h2database\h2\1.4.200\h2-1.4.200.jar;"/>
    <property name="sun.cpu.endian" value="little"/>
    <property name="user.home" value="C:\Users\KevinChilds"/>
    <property name="user.language" value="en"/>
    <property name="java.specification.vendor" value="Oracle Corporation"/>
    <property name="java.home" value="C:\Program Files\OpenJDK\openjdk-8u312-b07\jre"/>
    <property name="basedir" value="C:\Users\KevinChilds\Desktop\HelloJDBC"/>
    <property name="file.separator" value="\"/>
    <property name="line.separator" value="&#10;"/>
    <property name="java.vm.specification.vendor" value="Oracle Corporation"/>
    <property name="java.specification.name" value="Java Platform API Specification"/>
    <property name="java.awt.graphicsenv" value="sun.awt.Win32GraphicsEnvironment"/>
    <property name="surefire.real.class.path" value="C:\Users\KevinChilds\AppData\Local\Temp\surefire2673305134352773234\surefirebooter7582256278505893417.jar"/>
    <property name="sun.boot.class.path" value="C:\Program Files\OpenJDK\openjdk-8u312-b07\jre\lib\resources.jar;C:\Program Files\OpenJDK\openjdk-8u312-b07\jre\lib\rt.jar;C:\Program Files\OpenJDK\openjdk-8u312-b07\jre\lib\sunrsasign.jar;C:\Program Files\OpenJDK\openjdk-8u312-b07\jre\lib\jsse.jar;C:\Program Files\OpenJDK\openjdk-8u312-b07\jre\lib\jce.jar;C:\Program Files\OpenJDK\openjdk-8u312-b07\jre\lib\charsets.jar;C:\Program Files\OpenJDK\openjdk-8u312-b07\jre\lib\jfr.jar;C:\Program Files\OpenJDK\openjdk-8u312-b07\jre\classes"/>
    <property name="user.script" value=""/>
    <property name="sun.management.compiler" value="HotSpot 64-Bit Tiered Compilers"/>
    <property name="java.runtime.version" value="1.8.0_312-b07"/>
    <property name="user.name" value="KevinChilds"/>
    <property name="path.separator" value=";"/>
    <property name="os.version" value="10.0"/>
    <property name="java.endorsed.dirs" value="C:\Program Files\OpenJDK\openjdk-8u312-b07\jre\lib\endorsed"/>
    <property name="java.runtime.name" value="OpenJDK Runtime Environment"/>
    <property name="file.encoding" value="Cp1252"/>
    <property name="java.vm.name" value="OpenJDK 64-Bit Server VM"/>
    <property name="localRepository" value="C:\Users\KevinChilds\.m2\repository"/>
    <property name="java.vendor.url.bug" value="http://bugreport.sun.com/bugreport/"/>
    <property name="java.io.tmpdir" value="C:\Users\KEVINC~1\AppData\Local\Temp\"/>
    <property name="java.version" value="1.8.0_312"/>
    <property name="user.dir" value="C:\Users\KevinChilds\Desktop\HelloJDBC"/>
    <property name="os.arch" value="amd64"/>
    <property name="java.vm.specification.name" value="Java Virtual Machine Specification"/>
    <property name="java.awt.printerjob" value="sun.awt.windows.WPrinterJob"/>
    <property name="sun.os.patch.level" value=""/>
    <property name="java.library.path" value="C:\Program Files\OpenJDK\openjdk-8u312-b07\jre\bin;C:\WINDOWS\Sun\Java\bin;C:\WINDOWS\system32;C:\WINDOWS;C:\Users\KevinChilds\bin;C:\Program Files\Git\mingw64\bin;C:\Program Files\Git\usr\local\bin;C:\Program Files\Git\usr\bin;C:\Program Files\Git\usr\bin;C:\Program Files\Git\mingw64\bin;C:\Program Files\Git\usr\bin;C:\Users\KevinChilds\bin;C:\Python39\Scripts;C:\Python39;C:\WINDOWS\system32;C:\WINDOWS;C:\WINDOWS\System32\Wbem;C:\WINDOWS\System32\WindowsPowerShell\v1.0;C:\WINDOWS\System32\OpenSSH;C:\ProgramData\chocolatey\bin;C:\Program Files\Git\cmd;C:\Program Files\OpenJDK\openjdk-8u312-b07\bin;C:\Program Files\Microsoft VS Code\bin;C:\ProgramData\chocolatey\lib\maven\apache-maven-3.8.4\bin;C:\Users\KevinChilds\scoop\shims;C:\Users\KevinChilds\AppData\Local\Microsoft\WindowsApps;C:\Program Files (x86)\GitHub CLI;C:\Program Files\Git\usr\bin\vendor_perl;C:\Program Files\Git\usr\bin\core_perl;."/>
    <property name="java.vm.info" value="mixed mode"/>
    <property name="java.vendor" value="Oracle Corporation"/>
    <property name="java.vm.version" value="25.312-b07"/>
    <property name="java.ext.dirs" value="C:\Program Files\OpenJDK\openjdk-8u312-b07\jre\lib\ext;C:\WINDOWS\Sun\Java\lib\ext"/>
    <property name="sun.io.unicode.encoding" value="UnicodeLittle"/>
    <property name="java.class.version" value="52.0"/>
  </properties>
  <testcase name="createTodoGreaterThan20Test" classname="services.ToDoServiceTest" time="0.031"/>
  <testcase name="getOneTodoTest" classname="services.ToDoServiceTest" time="0.029"/>
  <testcase name="completeTodoTest" classname="services.ToDoServiceTest" time="0.01">
    <system-out><![CDATA[Todo id: 1 has been completed
]]></system-out>
  </testcase>
  <testcase name="deleteTodoTest" classname="services.ToDoServiceTest" time="0.001"/>
  <testcase name="createTodoLessThanOrEqualTo20Test" classname="services.ToDoServiceTest" time="0.002"/>
  <testcase name="getAllTodosTest" classname="services.ToDoServiceTest" time="0.001"/>
</testsuite>